ISim log file
Running: /nas/lrz/home/ge48lin/submit/rcs1/tb_idea_single_isim_beh.exe -intstyle ise -gui -tclbatch isim.cmd -wdb /nas/lrz/home/ge48lin/submit/rcs1/tb_idea_single_isim_beh.wdb 
ISim P.20131013 (signature 0xfbc00daa)
This is a Full version of ISim.
Time resolution is 1 ps
# onerror resume
# wave add /
# run 1000 ns
Simulator is doing circuit initialization process.
at 0 ps, Instance /tb_idea_single/uut/round_mod/M1/ : Warning: NUMERIC_STD."=": metavalue detected, returning FALSE
at 0 ps, Instance /tb_idea_single/uut/round_mod/M1/ : Warning: NUMERIC_STD."=": metavalue detected, returning FALSE
at 0 ps, Instance /tb_idea_single/uut/round_mod/M1/ : Warning: NUMERIC_STD."=": metavalue detected, returning FALSE
at 0 ps, Instance /tb_idea_single/uut/round_mod/M1/ : Warning: NUMERIC_STD.">=": metavalue detected, returning FALSE
at 0 ps, Instance /tb_idea_single/uut/round_mod/M2/ : Warning: NUMERIC_STD."=": metavalue detected, returning FALSE
at 0 ps, Instance /tb_idea_single/uut/round_mod/M2/ : Warning: NUMERIC_STD."=": metavalue detected, returning FALSE
at 0 ps, Instance /tb_idea_single/uut/round_mod/M2/ : Warning: NUMERIC_STD."=": metavalue detected, returning FALSE
at 0 ps, Instance /tb_idea_single/uut/round_mod/M2/ : Warning: NUMERIC_STD.">=": metavalue detected, returning FALSE
at 0 ps, Instance /tb_idea_single/uut/round_mod/M3/ : Warning: NUMERIC_STD."=": metavalue detected, returning FALSE
at 0 ps, Instance /tb_idea_single/uut/round_mod/M3/ : Warning: NUMERIC_STD."=": metavalue detected, returning FALSE
at 0 ps, Instance /tb_idea_single/uut/round_mod/M3/ : Warning: NUMERIC_STD."=": metavalue detected, returning FALSE
at 0 ps, Instance /tb_idea_single/uut/round_mod/M3/ : Warning: NUMERIC_STD.">=": metavalue detected, returning FALSE
at 0 ps, Instance /tb_idea_single/uut/round_mod/M4/ : Warning: NUMERIC_STD."=": metavalue detected, returning FALSE
at 0 ps, Instance /tb_idea_single/uut/round_mod/M4/ : Warning: NUMERIC_STD."=": metavalue detected, returning FALSE
at 0 ps, Instance /tb_idea_single/uut/round_mod/M4/ : Warning: NUMERIC_STD."=": metavalue detected, returning FALSE
at 0 ps, Instance /tb_idea_single/uut/round_mod/M4/ : Warning: NUMERIC_STD.">=": metavalue detected, returning FALSE
at 0 ps, Instance /tb_idea_single/uut/output_tf/MUL1/ : Warning: NUMERIC_STD."=": metavalue detected, returning FALSE
at 0 ps, Instance /tb_idea_single/uut/output_tf/MUL1/ : Warning: NUMERIC_STD."=": metavalue detected, returning FALSE
at 0 ps, Instance /tb_idea_single/uut/output_tf/MUL1/ : Warning: NUMERIC_STD."=": metavalue detected, returning FALSE
at 0 ps, Instance /tb_idea_single/uut/output_tf/MUL1/ : Warning: NUMERIC_STD.">=": metavalue detected, returning FALSE
at 0 ps, Instance /tb_idea_single/uut/output_tf/MUL2/ : Warning: NUMERIC_STD."=": metavalue detected, returning FALSE
at 0 ps, Instance /tb_idea_single/uut/output_tf/MUL2/ : Warning: NUMERIC_STD."=": metavalue detected, returning FALSE
at 0 ps, Instance /tb_idea_single/uut/output_tf/MUL2/ : Warning: NUMERIC_STD."=": metavalue detected, returning FALSE
at 0 ps, Instance /tb_idea_single/uut/output_tf/MUL2/ : Warning: NUMERIC_STD.">=": metavalue detected, returning FALSE
Finished circuit initialization process.
at 0 ps, Instance /tb_idea_single/uut/round_mod/M1/ : Warning: NUMERIC_STD."=": metavalue detected, returning FALSE
at 0 ps, Instance /tb_idea_single/uut/round_mod/M1/ : Warning: NUMERIC_STD."=": metavalue detected, returning FALSE
at 0 ps, Instance /tb_idea_single/uut/round_mod/M1/ : Warning: NUMERIC_STD."=": metavalue detected, returning FALSE
at 0 ps, Instance /tb_idea_single/uut/round_mod/M1/ : Warning: NUMERIC_STD.">=": metavalue detected, returning FALSE
at 0 ps, Instance /tb_idea_single/uut/round_mod/M2/ : Warning: NUMERIC_STD."=": metavalue detected, returning FALSE
at 0 ps, Instance /tb_idea_single/uut/round_mod/M2/ : Warning: NUMERIC_STD."=": metavalue detected, returning FALSE
at 0 ps, Instance /tb_idea_single/uut/round_mod/M2/ : Warning: NUMERIC_STD."=": metavalue detected, returning FALSE
at 0 ps, Instance /tb_idea_single/uut/round_mod/M2/ : Warning: NUMERIC_STD.">=": metavalue detected, returning FALSE
at 0 ps, Instance /tb_idea_single/uut/round_mod/M4/ : Warning: NUMERIC_STD."=": metavalue detected, returning FALSE
at 0 ps, Instance /tb_idea_single/uut/round_mod/M4/ : Warning: NUMERIC_STD."=": metavalue detected, returning FALSE
at 0 ps, Instance /tb_idea_single/uut/round_mod/M4/ : Warning: NUMERIC_STD."=": metavalue detected, returning FALSE
at 0 ps, Instance /tb_idea_single/uut/round_mod/M4/ : Warning: NUMERIC_STD.">=": metavalue detected, returning FALSE
at 0 ps, Instance /tb_idea_single/uut/round_mod/M1/ : Warning: NUMERIC_STD."=": metavalue detected, returning FALSE
at 0 ps, Instance /tb_idea_single/uut/round_mod/M1/ : Warning: NUMERIC_STD."=": metavalue detected, returning FALSE
at 0 ps, Instance /tb_idea_single/uut/round_mod/M1/ : Warning: NUMERIC_STD.">=": metavalue detected, returning FALSE
at 0 ps, Instance /tb_idea_single/uut/output_tf/MUL1/ : Warning: NUMERIC_STD."=": metavalue detected, returning FALSE
at 0 ps, Instance /tb_idea_single/uut/output_tf/MUL1/ : Warning: NUMERIC_STD."=": metavalue detected, returning FALSE
at 0 ps, Instance /tb_idea_single/uut/output_tf/MUL1/ : Warning: NUMERIC_STD.">=": metavalue detected, returning FALSE
at 0 ps, Instance /tb_idea_single/uut/round_mod/M2/ : Warning: NUMERIC_STD."=": metavalue detected, returning FALSE
at 0 ps, Instance /tb_idea_single/uut/round_mod/M2/ : Warning: NUMERIC_STD."=": metavalue detected, returning FALSE
at 0 ps, Instance /tb_idea_single/uut/round_mod/M2/ : Warning: NUMERIC_STD.">=": metavalue detected, returning FALSE
at 0 ps, Instance /tb_idea_single/uut/output_tf/MUL2/ : Warning: NUMERIC_STD."=": metavalue detected, returning FALSE
at 0 ps, Instance /tb_idea_single/uut/output_tf/MUL2/ : Warning: NUMERIC_STD."=": metavalue detected, returning FALSE
at 0 ps, Instance /tb_idea_single/uut/output_tf/MUL2/ : Warning: NUMERIC_STD.">=": metavalue detected, returning FALSE
at 0 ps, Instance /tb_idea_single/uut/round_mod/M3/ : Warning: NUMERIC_STD."=": metavalue detected, returning FALSE
at 0 ps, Instance /tb_idea_single/uut/round_mod/M3/ : Warning: NUMERIC_STD."=": metavalue detected, returning FALSE
at 0 ps, Instance /tb_idea_single/uut/round_mod/M3/ : Warning: NUMERIC_STD.">=": metavalue detected, returning FALSE
at 0 ps, Instance /tb_idea_single/uut/round_mod/M4/ : Warning: NUMERIC_STD."=": metavalue detected, returning FALSE
at 0 ps, Instance /tb_idea_single/uut/round_mod/M4/ : Warning: NUMERIC_STD."=": metavalue detected, returning FALSE
at 0 ps, Instance /tb_idea_single/uut/round_mod/M4/ : Warning: NUMERIC_STD.">=": metavalue detected, returning FALSE
at 310 ns(4), Instance /tb_idea_single/uut/output_tf/MUL1/ : Warning: NUMERIC_STD."=": metavalue detected, returning FALSE
at 310 ns(4), Instance /tb_idea_single/uut/output_tf/MUL1/ : Warning: NUMERIC_STD."=": metavalue detected, returning FALSE
at 310 ns(4), Instance /tb_idea_single/uut/output_tf/MUL1/ : Warning: NUMERIC_STD.">=": metavalue detected, returning FALSE
at 310 ns(4), Instance /tb_idea_single/uut/output_tf/MUL2/ : Warning: NUMERIC_STD."=": metavalue detected, returning FALSE
at 310 ns(4), Instance /tb_idea_single/uut/output_tf/MUL2/ : Warning: NUMERIC_STD."=": metavalue detected, returning FALSE
at 310 ns(4), Instance /tb_idea_single/uut/output_tf/MUL2/ : Warning: NUMERIC_STD.">=": metavalue detected, returning FALSE
at 310 ns(4), Instance /tb_idea_single/uut/round_mod/M3/ : Warning: NUMERIC_STD."=": metavalue detected, returning FALSE
at 310 ns(4), Instance /tb_idea_single/uut/round_mod/M3/ : Warning: NUMERIC_STD."=": metavalue detected, returning FALSE
at 310 ns(4), Instance /tb_idea_single/uut/round_mod/M3/ : Warning: NUMERIC_STD.">=": metavalue detected, returning FALSE
at 310 ns(4), Instance /tb_idea_single/uut/round_mod/M4/ : Warning: NUMERIC_STD."=": metavalue detected, returning FALSE
at 310 ns(4), Instance /tb_idea_single/uut/round_mod/M4/ : Warning: NUMERIC_STD."=": metavalue detected, returning FALSE
at 310 ns(4), Instance /tb_idea_single/uut/round_mod/M4/ : Warning: NUMERIC_STD.">=": metavalue detected, returning FALSE
# exit 0
