ISim log file
Running: /nas/lrz/home/ge48lin/VHDL_SysDes_IDEA/rcs2/tb_control_isim_beh.exe -intstyle ise -gui -tclbatch isim.cmd -wdb /nas/lrz/home/ge48lin/VHDL_SysDes_IDEA/rcs2/tb_control_isim_beh.wdb 
ISim P.20131013 (signature 0xfbc00daa)
----------------------------------------------------------------------
INFO:Security:51 - The XILINXD_LICENSE_FILE environment variable is not set.
INFO:Security:52 - The LM_LICENSE_FILE environment variable is set to ':5280@cadencelic:27020@synopsyslic:2100@xilinxlic:1717@mentorlic:1702@microchiplic:5282@wickedlic:28000@mlm3.rbg.tum.de'.
WARNING:Security:43 - No license file was found in the standard Xilinx license directory.
WARNING:Security:44 - Since no license file was found,
       please run the Xilinx License Configuration Manager
       (xlcm or "Manage Xilinx Licenses")
       to assist in obtaining a license.
WARNING:Security:42 - Your license support version '2026.01' for ISIM expires in 15 days after which you will not qualify for Xilinx software updates or new releases.


----------------------------------------------------------------------
This is a Full version of ISim.
Time resolution is 1 ps
# onerror resume
# wave add /
# run 1000 ns
Simulator is doing circuit initialization process.
Finished circuit initialization process.
# exit 0
